2026-03-01 09:11:29 - GET / - {"POST":[],"FILES":[]}
2026-03-01 09:11:53 - GET /favicon.ico - {"POST":[],"FILES":[]}
2026-03-01 09:12:05 - GET /favicon.ico - {"POST":[],"FILES":[]}
2026-03-01 09:12:11 - GET /favicon.ico - {"POST":[],"FILES":[]}
2026-03-01 09:12:39 - POST /api/auth/register - {"POST":[],"FILES":[]}
2026-03-01 09:12:47 - POST /api/auth/register - {"POST":[],"FILES":[]}
2026-03-01 09:12:48 - POST /api/auth/register - {"POST":[],"FILES":[]}
2026-03-01 09:12:59 - POST /api/auth/register - {"POST":[],"FILES":[]}
2026-03-01 09:13:02 - POST /api/auth/register - {"POST":[],"FILES":[]}
2026-03-01 09:13:41 - GET / - {"POST":[],"FILES":[]}
2026-03-01 09:13:51 - GET /favicon.ico - {"POST":[],"FILES":[]}
2026-03-01 09:14:04 - POST /api/auth/login - {"POST":[],"FILES":[]}
2026-03-01 09:14:34 - POST /api/auth/login - {"POST":[],"FILES":[]}
2026-03-01 09:14:46 - POST /api/auth/login - {"POST":[],"FILES":[]}
2026-03-01 09:14:47 - POST /api/auth/login - {"POST":[],"FILES":[]}
2026-03-01 09:14:51 - GET / - {"POST":[],"FILES":[]}
2026-03-01 09:14:58 - GET /favicon.ico - {"POST":[],"FILES":[]}
2026-03-01 09:15:39 - GET /favicon.ico - {"POST":[],"FILES":[]}
2026-03-01 09:15:52 - GET /favicon.ico - {"POST":[],"FILES":[]}
2026-03-01 09:18:50 - GET / - {"POST":[],"FILES":[]}
2026-03-01 09:18:57 - GET /favicon.ico - {"POST":[],"FILES":[]}
2026-03-01 09:19:15 - POST /api/support/chat/start - {"POST":{"name":"Jorge augusto mabuie","email":"purezamanjate533@gmail.com","message":"Aodu"},"FILES":[]}
2026-03-01 09:19:26 - GET /favicon.ico - {"POST":[],"FILES":[]}
2026-03-01 09:19:30 - GET /favicon.ico - {"POST":[],"FILES":[]}
2026-03-01 09:19:37 - POST /api/auth/password/forgot - {"POST":[],"FILES":[]}
2026-03-01 09:19:49 - POST /api/auth/password/forgot - {"POST":[],"FILES":[]}
2026-03-01 09:19:57 - POST /api/auth/password/forgot - {"POST":[],"FILES":[]}
2026-03-01 09:20:18 - POST /api/auth/password/forgot - {"POST":[],"FILES":[]}
2026-03-01 09:20:32 - GET /favicon.ico - {"POST":[],"FILES":[]}
2026-03-01 09:26:50 - GET / - {"POST":[],"FILES":[]}
2026-03-01 09:26:57 - GET /favicon.ico - {"POST":[],"FILES":[]}
